# JRE version: OpenJDK Runtime Environment Microsoft-10800295 (17.0.14+7) (build 17.0.14+7-LTS)
# Java VM: OpenJDK 64-Bit Server VM Microsoft-10800295 (17.0.14+7-LTS, mixed mode, sharing, tiered, compressed oops, compressed class ptrs, g1 gc, windows-amd64)
GC Precious Log:
 CPUs: 4 total, 4 available
 Memory: 16290M
 Large Page Support: Disabled
 NUMA Support: Disabled
 Compressed Oops: Enabled (32-bit)
 Heap Region Size: 1M
 Heap Min Capacity: 8M
 Heap Initial Capacity: 256M
 Heap Max Capacity: 1G
 Pre-touch: Disabled
 Parallel Workers: 4
 Concurrent Workers: 1
 Concurrent Refinement Workers: 4
 Periodic GC: Disabled
Heap:
 garbage-first heap   total 389120K, used 219136K [0x00000000c0000000, 0x0000000100000000)
  region size 1024K, 13 young (13312K), 13 survivors (13312K)
 Metaspace       used 9939K, committed 10176K, reserved 1114112K
  class space    used 1237K, committed 1344K, reserved 1048576K
GC Heap History (20 events):
Event: 3.300 GC heap after
{Heap after GC invocations=7 (full 0):
 garbage-first heap   total 262144K, used 92672K [0x00000000c0000000, 0x0000000100000000)
  region size 1024K, 13 young (13312K), 13 survivors (13312K)
 Metaspace       used 7520K, committed 7680K, reserved 1114112K
  class space    used 851K, committed 960K, reserved 1048576K
}
Event: 3.622 GC heap before
{Heap before GC invocations=7 (full 0):
 garbage-first heap   total 262144K, used 127488K [0x00000000c0000000, 0x0000000100000000)
  region size 1024K, 48 young (49152K), 13 survivors (13312K)
 Metaspace       used 7536K, committed 7680K, reserved 1114112K
  class space    used 852K, committed 960K, reserved 1048576K
}
Event: 3.646 GC heap after
{Heap after GC invocations=8 (full 0):
 garbage-first heap   total 262144K, used 102912K [0x00000000c0000000, 0x0000000100000000)
  region size 1024K, 6 young (6144K), 6 survivors (6144K)
 Metaspace       used 7536K, committed 7680K, reserved 1114112K
  class space    used 852K, committed 960K, reserved 1048576K
}
Event: 4.217 GC heap before
{Heap before GC invocations=8 (full 0):
 garbage-first heap   total 262144K, used 181760K [0x00000000c0000000, 0x0000000100000000)
  region size 1024K, 80 young (81920K), 6 survivors (6144K)
 Metaspace       used 7561K, committed 7744K, reserved 1114112K
  class space    used 856K, committed 960K, reserved 1048576K
}
Event: 4.256 GC heap after
{Heap after GC invocations=9 (full 0):
 garbage-first heap   total 262144K, used 125952K [0x00000000c0000000, 0x0000000100000000)
  region size 1024K, 10 young (10240K), 10 survivors (10240K)
 Metaspace       used 7561K, committed 7744K, reserved 1114112K
  class space    used 856K, committed 960K, reserved 1048576K
}
Event: 4.528 GC heap before
{Heap before GC invocations=9 (full 0):
 garbage-first heap   total 262144K, used 192512K [0x00000000c0000000, 0x0000000100000000)
  region size 1024K, 74 young (75776K), 10 survivors (10240K)
 Metaspace       used 7561K, committed 7744K, reserved 1114112K
  class space    used 856K, committed 960K, reserved 1048576K
}
Event: 4.562 GC heap after
{Heap after GC invocations=10 (full 0):
 garbage-first heap   total 262144K, used 143872K [0x00000000c0000000, 0x0000000100000000)
  region size 1024K, 10 young (10240K), 10 survivors (10240K)
 Metaspace       used 7561K, committed 7744K, reserved 1114112K
  class space    used 856K, committed 960K, reserved 1048576K
}
Event: 4.609 GC heap before
{Heap before GC invocations=10 (full 0):
 garbage-first heap   total 262144K, used 151040K [0x00000000c0000000, 0x0000000100000000)
  region size 1024K, 17 young (17408K), 10 survivors (10240K)
 Metaspace       used 7562K, committed 7744K, reserved 1114112K
  class space    used 856K, committed 960K, reserved 1048576K
}
Event: 4.628 GC heap after
{Heap after GC invocations=11 (full 0):
 garbage-first heap   total 336896K, used 148459K [0x00000000c0000000, 0x0000000100000000)
  region size 1024K, 3 young (3072K), 3 survivors (3072K)
 Metaspace       used 7562K, committed 7744K, reserved 1114112K
  class space    used 856K, committed 960K, reserved 1048576K
}
Event: 5.293 GC heap before
{Heap before GC invocations=12 (full 0):
 garbage-first heap   total 336896K, used 242667K [0x00000000c0000000, 0x0000000100000000)
  region size 1024K, 99 young (101376K), 3 survivors (3072K)
 Metaspace       used 9846K, committed 10048K, reserved 1114112K
  class space    used 1229K, committed 1344K, reserved 1048576K
}
Event: 5.321 GC heap after
{Heap after GC invocations=13 (full 0):
 garbage-first heap   total 336896K, used 167424K [0x00000000c0000000, 0x0000000100000000)
  region size 1024K, 13 young (13312K), 13 survivors (13312K)
 Metaspace       used 9846K, committed 10048K, reserved 1114112K
  class space    used 1229K, committed 1344K, reserved 1048576K
}
Event: 5.345 GC heap before
{Heap before GC invocations=13 (full 0):
 garbage-first heap   total 336896K, used 170496K [0x00000000c0000000, 0x0000000100000000)
  region size 1024K, 16 young (16384K), 13 survivors (13312K)
 Metaspace       used 9882K, committed 10112K, reserved 1114112K
  class space    used 1234K, committed 1344K, reserved 1048576K
}
Event: 5.364 GC heap after
{Heap after GC invocations=14 (full 0):
 garbage-first heap   total 336896K, used 167936K [0x00000000c0000000, 0x0000000100000000)
  region size 1024K, 2 young (2048K), 2 survivors (2048K)
 Metaspace       used 9882K, committed 10112K, reserved 1114112K
  class space    used 1234K, committed 1344K, reserved 1048576K
}
Event: 6.027 GC heap before
{Heap before GC invocations=14 (full 0):
 garbage-first heap   total 336896K, used 253952K [0x00000000c0000000, 0x0000000100000000)
  region size 1024K, 86 young (88064K), 2 survivors (2048K)
 Metaspace       used 9931K, committed 10176K, reserved 1114112K
  class space    used 1237K, committed 1344K, reserved 1048576K
}
Event: 6.047 GC heap after
{Heap after GC invocations=15 (full 0):
 garbage-first heap   total 336896K, used 185856K [0x00000000c0000000, 0x0000000100000000)
  region size 1024K, 11 young (11264K), 11 survivors (11264K)
 Metaspace       used 9931K, committed 10176K, reserved 1114112K
  class space    used 1237K, committed 1344K, reserved 1048576K
}
Event: 6.428 GC heap before
{Heap before GC invocations=16 (full 0):
 garbage-first heap   total 389120K, used 259584K [0x00000000c0000000, 0x0000000100000000)
  region size 1024K, 84 young (86016K), 11 survivors (11264K)
 Metaspace       used 9939K, committed 10176K, reserved 1114112K
  class space    used 1237K, committed 1344K, reserved 1048576K
}
Event: 6.451 GC heap after
{Heap after GC invocations=17 (full 0):
 garbage-first heap   total 389120K, used 200704K [0x00000000c0000000, 0x0000000100000000)
  region size 1024K, 11 young (11264K), 11 survivors (11264K)
 Metaspace       used 9939K, committed 10176K, reserved 1114112K
  class space    used 1237K, committed 1344K, reserved 1048576K
}
Event: 6.474 GC heap before
{Heap before GC invocations=17 (full 0):
 garbage-first heap   total 389120K, used 208896K [0x00000000c0000000, 0x0000000100000000)
  region size 1024K, 19 young (19456K), 11 survivors (11264K)
 Metaspace       used 9939K, committed 10176K, reserved 1114112K
  class space    used 1237K, committed 1344K, reserved 1048576K
}
Event: 6.488 GC heap after
{Heap after GC invocations=18 (full 0):
 garbage-first heap   total 389120K, used 199680K [0x00000000c0000000, 0x0000000100000000)
  region size 1024K, 3 young (3072K), 3 survivors (3072K)
 Metaspace       used 9939K, committed 10176K, reserved 1114112K
  class space    used 1237K, committed 1344K, reserved 1048576K
}
Event: 7.069 GC heap before
{Heap before GC invocations=18 (full 0):
 garbage-first heap   total 389120K, used 295936K [0x00000000c0000000, 0x0000000100000000)
  region size 1024K, 97 young (99328K), 3 survivors (3072K)
 Metaspace       used 9939K, committed 10176K, reserved 1114112K
  class space    used 1237K, committed 1344K, reserved 1048576K
}

